Build started 2014/12/5 12:29:04.
     1>Project "F:\1_study\cs550\proj\setup-glut\setup-glut\setup-glut.vcxproj" on node 2 (Build target(s)).
       Project file contains ToolsVersion="12.0". This toolset may be unknown or missing, in which case you may be able to resolve this by installing the appropriate version of MSBuild, or the build may have been forced to a particular ToolsVersion for policy reasons. Treating the project as if it had ToolsVersion="4.0". For more information, please see http://go.microsoft.com/fwlink/?LinkId=291333.
     1>ClCompile:
         C:\Program Files (x86)\Microsoft Visual Studio 11.0\VC\bin\CL.exe /c /Iinclude /ZI /nologo /W3 /WX- /Od /Oy- /D WIN32 /D _DEBUG /D _CONSOLE /D _LIB /D _UNICODE /D UNICODE /Gm /EHsc /RTC1 /MDd /GS /fp:precise /Zc:wchar_t /Zc:forScope /Fo"Debug\\" /Fd"Debug\vc110.pdb" /Gd /TP /analyze- /errorReport:prompt src\puree.cpp
         puree.cpp
     1>f:\1_study\cs550\proj\setup-glut\setup-glut\include\angel.h(63): warning C4305: 'initializing' : truncation from 'double' to 'const GLfloat'
     1>f:\1_study\cs550\proj\setup-glut\setup-glut\include\mat.h(707): warning C4244: '=' : conversion from 'double' to 'GLfloat', possible loss of data
     1>f:\1_study\cs550\proj\setup-glut\setup-glut\include\mat.h(708): warning C4244: '=' : conversion from 'double' to 'GLfloat', possible loss of data
     1>f:\1_study\cs550\proj\setup-glut\setup-glut\include\mat.h(709): warning C4244: '=' : conversion from 'double' to 'GLfloat', possible loss of data
     1>f:\1_study\cs550\proj\setup-glut\setup-glut\include\mat.h(730): warning C4244: '=' : conversion from 'double' to 'GLfloat', possible loss of data
     1>f:\1_study\cs550\proj\setup-glut\setup-glut\include\mat.h(732): warning C4244: '=' : conversion from 'double' to 'GLfloat', possible loss of data
     1>f:\1_study\cs550\proj\setup-glut\setup-glut\include\mat.h(735): warning C4244: '=' : conversion from 'double' to 'GLfloat', possible loss of data
     1>f:\1_study\cs550\proj\setup-glut\setup-glut\include\mat.h(752): warning C4244: '=' : conversion from 'double' to 'GLfloat', possible loss of data
     1>f:\1_study\cs550\proj\setup-glut\setup-glut\src\uniforms.hpp(17): warning C4305: 'argument' : truncation from 'double' to 'GLfloat'
     1>f:\1_study\cs550\proj\setup-glut\setup-glut\src\uniforms.hpp(19): warning C4305: 'argument' : truncation from 'double' to 'GLfloat'
     1>f:\1_study\cs550\proj\setup-glut\setup-glut\src\uniforms.hpp(20): warning C4305: 'argument' : truncation from 'double' to 'GLfloat'
     1>f:\1_study\cs550\proj\setup-glut\setup-glut\src\uniforms.hpp(21): warning C4305: 'argument' : truncation from 'double' to 'GLfloat'
     1>f:\1_study\cs550\proj\setup-glut\setup-glut\src\globals.hpp(25): warning C4099: 'manipulator' : type name first seen using 'class' now seen using 'struct'
                 f:\1_study\cs550\proj\setup-glut\setup-glut\src\object.hpp(188) : see declaration of 'manipulator'
     1>f:\1_study\cs550\proj\setup-glut\setup-glut\src\globals.hpp(31): warning C4099: 'opengl_uniforms' : type name first seen using 'class' now seen using 'struct'
                 f:\1_study\cs550\proj\setup-glut\setup-glut\src\uniforms.hpp(28) : see declaration of 'opengl_uniforms'
     1>f:\1_study\cs550\proj\setup-glut\setup-glut\src\puree.cpp(263): warning C4244: 'argument' : conversion from 'int' to 'const GLfloat', possible loss of data
     1>f:\1_study\cs550\proj\setup-glut\setup-glut\src\puree.cpp(269): warning C4244: 'argument' : conversion from 'int' to 'const GLfloat', possible loss of data
     1>f:\1_study\cs550\proj\setup-glut\setup-glut\src\puree.cpp(275): warning C4244: 'argument' : conversion from 'int' to 'const GLfloat', possible loss of data
     1>f:\1_study\cs550\proj\setup-glut\setup-glut\src\puree.cpp(328): warning C4244: 'argument' : conversion from 'int' to 'GLfloat', possible loss of data
     1>f:\1_study\cs550\proj\setup-glut\setup-glut\src\puree.cpp(353): warning C4244: 'initializing' : conversion from 'double' to 'float', possible loss of data
     1>f:\1_study\cs550\proj\setup-glut\setup-glut\src\puree.cpp(370): warning C4244: 'initializing' : conversion from 'double' to 'float', possible loss of data
     1>f:\1_study\cs550\proj\setup-glut\setup-glut\src\puree.cpp(688): warning C4305: 'argument' : truncation from 'double' to 'const GLfloat'
     1>f:\1_study\cs550\proj\setup-glut\setup-glut\src\puree.cpp(712): warning C4244: 'argument' : conversion from 'double' to 'const GLfloat', possible loss of data
     1>f:\1_study\cs550\proj\setup-glut\setup-glut\src\puree.cpp(723): warning C4244: 'argument' : conversion from 'double' to 'const GLfloat', possible loss of data
       Link:
         C:\Program Files (x86)\Microsoft Visual Studio 11.0\VC\bin\link.exe /ERRORREPORT:PROMPT /OUT:"F:\1_study\cs550\proj\setup-glut\setup-glut\Debug\setup-glut.exe" /INCREMENTAL /NOLOGO /LIBPATH:lib opengl32.lib freeglut.lib glew32.lib pthreadVC2.lib kernel32.lib user32.lib gdi32.lib winspool.lib comdlg32.lib advapi32.lib shell32.lib ole32.lib oleaut32.lib uuid.lib odbc32.lib odbccp32.lib /MANIFEST /MANIFESTUAC:"level='asInvoker' uiAccess='false'" /manifest:embed /DEBUG /PDB:"F:\1_study\cs550\proj\setup-glut\setup-glut\Debug\setup-glut.pdb" /SUBSYSTEM:CONSOLE /TLBID:1 /DYNAMICBASE /NXCOMPAT /IMPLIB:"F:\1_study\cs550\proj\setup-glut\setup-glut\Debug\setup-glut.lib" /MACHINE:X86 Debug\InitShader.obj
         Debug\object.obj
         Debug\puree.obj
         Debug\stb_image.obj
         Debug\uniforms.obj
         setup-glut.vcxproj -> F:\1_study\cs550\proj\setup-glut\setup-glut\Debug\setup-glut.exe
     1>Done Building Project "F:\1_study\cs550\proj\setup-glut\setup-glut\setup-glut.vcxproj" (Build target(s)).

Build succeeded.

Time Elapsed 00:00:02.78
